nohup: ignoring input
[2026-03-06T23:45:34Z] [INFO] === Constellation25 Production Start ===
[2026-03-06T23:45:34Z] [INFO] Base directory: /data/data/com.termux/files/home/constellation25
[2026-03-06T23:45:34Z] [INFO] Agents directory: /data/data/com.termux/files/home/constellation25/agents
[2026-03-06T23:45:34Z] [INFO] Cleaning up previous agent processes...
[2026-03-06T23:45:36Z] [INFO] Cleanup complete
[2026-03-06T23:45:36Z] [INFO] Launching 25 planetary agents...
[2026-03-06T23:45:36Z] [INFO] Starting earth agent...
[2026-03-06T23:45:36Z] [INFO] earth agent started with PID 13084
[2026-03-06T23:45:37Z] earth agent starting
[2026-03-06T23:45:37Z] Role: Project Scaffolding
[2026-03-06T23:45:37Z] Heartbeat: earth agent active
[2026-03-06T23:45:37Z] [INFO] Starting moon agent...
[2026-03-06T23:45:37Z] [INFO] moon agent started with PID 13127
[2026-03-06T23:45:37Z] moon agent starting
[2026-03-06T23:45:37Z] Role: Bug Fixing and Debugging
[2026-03-06T23:45:37Z] Heartbeat: moon agent active
[2026-03-06T23:45:38Z] [INFO] Starting sun agent...
[2026-03-06T23:45:38Z] [INFO] sun agent started with PID 13157
[2026-03-06T23:45:38Z] sun agent starting
[2026-03-06T23:45:38Z] Role: Performance Optimization
[2026-03-06T23:45:38Z] Heartbeat: sun agent active
[2026-03-06T23:45:39Z] [INFO] Starting mercury agent...
[2026-03-06T23:45:39Z] [INFO] mercury agent started with PID 13191
[2026-03-06T23:45:39Z] mercury agent starting
[2026-03-06T23:45:39Z] Role: Unit Test Generation
[2026-03-06T23:45:39Z] Heartbeat: mercury agent active
[2026-03-06T23:45:39Z] [INFO] Starting venus agent...
[2026-03-06T23:45:39Z] [INFO] venus agent started with PID 13233
[2026-03-06T23:45:39Z] venus agent starting
[2026-03-06T23:45:39Z] Role: Integration Testing
[2026-03-06T23:45:40Z] Heartbeat: venus agent active
[2026-03-06T23:45:40Z] [INFO] Starting mars agent...
[2026-03-06T23:45:40Z] [INFO] mars agent started with PID 13276
[2026-03-06T23:45:40Z] mars agent starting
[2026-03-06T23:45:40Z] Role: Security Scanning
[2026-03-06T23:45:40Z] Heartbeat: mars agent active
[2026-03-06T23:45:41Z] [INFO] Starting jupiter agent...
[2026-03-06T23:45:41Z] [INFO] jupiter agent started with PID 13323
[2026-03-06T23:45:41Z] jupiter agent starting
[2026-03-06T23:45:41Z] Role: Documentation Generation
[2026-03-06T23:45:41Z] Heartbeat: jupiter agent active
[2026-03-06T23:45:41Z] [INFO] Starting saturn agent...
[2026-03-06T23:45:42Z] [INFO] saturn agent started with PID 13361
[2026-03-06T23:45:42Z] saturn agent starting
[2026-03-06T23:45:42Z] Role: Code Refactoring
[2026-03-06T23:45:42Z] Heartbeat: saturn agent active
[2026-03-06T23:45:42Z] [INFO] Starting uranus agent...
[2026-03-06T23:45:42Z] [INFO] uranus agent started with PID 13475
[2026-03-06T23:45:42Z] uranus agent starting
[2026-03-06T23:45:42Z] Role: NLP Processing
[2026-03-06T23:45:42Z] Heartbeat: uranus agent active
[2026-03-06T23:45:43Z] [INFO] Starting neptune agent...
[2026-03-06T23:45:43Z] [INFO] neptune agent started with PID 13550
[2026-03-06T23:45:43Z] neptune agent starting
[2026-03-06T23:45:43Z] Role: Deduplication
[2026-03-06T23:45:43Z] Heartbeat: neptune agent active
[2026-03-06T23:45:44Z] [INFO] Starting pluto agent...
[2026-03-06T23:45:44Z] [INFO] pluto agent started with PID 13605
[2026-03-06T23:45:44Z] pluto agent starting
[2026-03-06T23:45:44Z] Role: Edge Cases
[2026-03-06T23:45:44Z] Heartbeat: pluto agent active
[2026-03-06T23:45:44Z] [INFO] Starting cygnus agent...
[2026-03-06T23:45:44Z] [INFO] cygnus agent started with PID 13671
[2026-03-06T23:45:44Z] cygnus agent starting
[2026-03-06T23:45:44Z] Role: AI/ML Integration
[2026-03-06T23:45:45Z] Heartbeat: cygnus agent active
[2026-03-06T23:45:45Z] [INFO] Starting orion agent...
[2026-03-06T23:45:45Z] [INFO] orion agent started with PID 13712
[2026-03-06T23:45:45Z] orion agent starting
[2026-03-06T23:45:45Z] Role: UI/UX Optimization
[2026-03-06T23:45:45Z] Heartbeat: orion agent active
[2026-03-06T23:45:46Z] [INFO] Starting andromeda agent...
[2026-03-06T23:45:46Z] [INFO] andromeda agent started with PID 13780
[2026-03-06T23:45:46Z] andromeda agent starting
[2026-03-06T23:45:46Z] Role: API Integration
[2026-03-06T23:45:46Z] Heartbeat: andromeda agent active
[2026-03-06T23:45:46Z] [INFO] Starting pleiades agent...
[2026-03-06T23:45:47Z] [INFO] pleiades agent started with PID 13815
[2026-03-06T23:45:47Z] pleiades agent starting
[2026-03-06T23:45:47Z] Role: Environment Setup
[2026-03-06T23:45:47Z] Heartbeat: pleiades agent active
[2026-03-06T23:45:47Z] [INFO] Starting sirius agent...
[2026-03-06T23:45:47Z] [INFO] sirius agent started with PID 13851
[2026-03-06T23:45:47Z] sirius agent starting
[2026-03-06T23:45:47Z] Role: Cloud Deployment
[2026-03-06T23:45:47Z] Heartbeat: sirius agent active
[2026-03-06T23:45:48Z] [INFO] Starting canismajor agent...
[2026-03-06T23:45:48Z] [INFO] canismajor agent started with PID 13892
[2026-03-06T23:45:48Z] canismajor agent starting
[2026-03-06T23:45:48Z] Role: Technical Debt
[2026-03-06T23:45:48Z] Heartbeat: canismajor agent active
[2026-03-06T23:45:49Z] [INFO] Starting hydra agent...
[2026-03-06T23:45:49Z] [INFO] hydra agent started with PID 13948
[2026-03-06T23:45:49Z] hydra agent starting
[2026-03-06T23:45:49Z] Role: CI/CD Pipelines
[2026-03-06T23:45:49Z] Heartbeat: hydra agent active
[2026-03-06T23:45:49Z] [INFO] Starting vega agent...
[2026-03-06T23:45:49Z] [INFO] vega agent started with PID 14007
[2026-03-06T23:45:49Z] vega agent starting
[2026-03-06T23:45:50Z] Role: Data Pipeline
[2026-03-06T23:45:50Z] Heartbeat: vega agent active
